<?xml version="1.0" ?>
<coverage branch-rate="0.7183" line-rate="0.8817" timestamp="1468477384120" version="4.1">
	<!-- Generated by coverage.py: https://coverage.readthedocs.io -->
	<!-- Based on https://raw.githubusercontent.com/cobertura/web/f0366e5e2cf18f111cbd61fc34ef720a6584ba02/htdocs/xml/coverage-03.dtd -->
	<sources>
		<source>/home/Ryan/Seriously</source>
	</sources>
	<packages>
		<package branch-rate="1" complexity="0" line-rate="1" name=".">
			<classes>
				<class branch-rate="1" complexity="0" filename="tests.py" line-rate="1" name="tests.py">
					<methods/>
					<lines>
						<line hits="1" number="3"/>
					</lines>
				</class>
			</classes>
		</package>
		<package branch-rate="0.6667" complexity="0" line-rate="0.7111" name="lib">
			<classes>
				<class branch-rate="1" complexity="0" filename="lib/__init__.py" line-rate="1" name="__init__.py">
					<methods/>
					<lines/>
				</class>
				<class branch-rate="0.1667" complexity="0" filename="lib/cp437.py" line-rate="0.5333" name="cp437.py">
					<methods/>
					<lines>
						<line hits="1" number="3"/>
						<line hits="1" number="4"/>
						<line hits="1" number="23"/>
						<line hits="1" number="25"/>
						<line hits="1" number="28"/>
						<line branch="true" condition-coverage="50% (1/2)" hits="1" missing-branches="31" number="30"/>
						<line hits="0" number="31"/>
						<line hits="1" number="32"/>
						<line hits="1" number="35"/>
						<line hits="0" number="37"/>
						<line branch="true" condition-coverage="0% (0/2)" hits="0" missing-branches="39,43" number="38"/>
						<line branch="true" condition-coverage="0% (0/2)" hits="0" missing-branches="40,42" number="39"/>
						<line hits="0" number="40"/>
						<line hits="0" number="42"/>
						<line hits="0" number="43"/>
					</lines>
				</class>
				<class branch-rate="0.8333" complexity="0" filename="lib/iterable.py" line-rate="0.8" name="iterable.py">
					<methods/>
					<lines>
						<line hits="1" number="3"/>
						<line hits="1" number="4"/>
						<line hits="1" number="5"/>
						<line hits="1" number="7"/>
						<line branch="true" condition-coverage="100% (2/2)" hits="1" number="11"/>
						<line hits="1" number="12"/>
						<line branch="true" condition-coverage="100% (2/2)" hits="1" number="14"/>
						<line hits="1" number="16"/>
						<line hits="1" number="17"/>
						<line branch="true" condition-coverage="50% (1/2)" hits="1" missing-branches="19" number="18"/>
						<line hits="0" number="19"/>
						<line branch="true" condition-coverage="100% (2/2)" hits="1" number="21"/>
						<line hits="1" number="23"/>
						<line branch="true" condition-coverage="100% (2/2)" hits="1" number="24"/>
						<line branch="true" condition-coverage="100% (2/2)" hits="1" number="25"/>
						<line hits="1" number="27"/>
						<line hits="1" number="29"/>
						<line hits="1" number="30"/>
						<line hits="1" number="31"/>
						<line hits="1" number="32"/>
						<line hits="1" number="34"/>
						<line branch="true" condition-coverage="0% (0/2)" hits="0" missing-branches="36,38" number="35"/>
						<line hits="0" number="36"/>
						<line hits="0" number="38"/>
						<line hits="0" number="39"/>
						<line hits="0" number="40"/>
						<line hits="1" number="42"/>
						<line hits="1" number="44"/>
						<line branch="true" condition-coverage="100% (2/2)" hits="1" number="45"/>
						<line branch="true" condition-coverage="100% (2/2)" hits="1" number="46"/>
					</lines>
				</class>
			</classes>
		</package>
		<package branch-rate="0.7099" complexity="0" line-rate="0.8492" name="seriously">
			<classes>
				<class branch-rate="0.7051" complexity="0" filename="seriously/SeriouslyCommands.py" line-rate="0.8495" name="SeriouslyCommands.py">
					<methods/>
					<lines>
						<line hits="1" number="3"/>
						<line hits="1" number="4"/>
						<line hits="1" number="5"/>
						<line hits="1" number="6"/>
						<line hits="1" number="7"/>
						<line hits="1" number="8"/>
						<line hits="1" number="9"/>
						<line hits="1" number="10"/>
						<line hits="1" number="11"/>
						<line hits="1" number="12"/>
						<line hits="1" number="13"/>
						<line hits="1" number="14"/>
						<line hits="1" number="15"/>
						<line hits="1" number="16"/>
						<line hits="1" number="18"/>
						<line hits="1" number="19"/>
						<line hits="1" number="21"/>
						<line hits="1" number="38"/>
						<line hits="1" number="40"/>
						<line hits="0" number="42"/>
						<line hits="0" number="43"/>
						<line hits="1" number="45"/>
						<line hits="1" number="47"/>
						<line branch="true" condition-coverage="100% (2/2)" hits="1" number="49"/>
						<line hits="1" number="50"/>
						<line hits="1" number="52"/>
						<line hits="1" number="53"/>
						<line hits="1" number="54"/>
						<line hits="1" number="65"/>
						<line branch="true" condition-coverage="50% (1/2)" hits="1" missing-branches="exit" number="67"/>
						<line hits="1" number="68"/>
						<line branch="true" condition-coverage="100% (2/2)" hits="1" number="69"/>
						<line hits="1" number="70"/>
						<line hits="1" number="72"/>
						<line hits="1" number="73"/>
						<line hits="1" number="74"/>
						<line hits="1" number="75"/>
						<line hits="1" number="76"/>
						<line branch="true" condition-coverage="100% (2/2)" hits="1" number="77"/>
						<line hits="1" number="78"/>
						<line hits="1" number="79"/>
						<line hits="1" number="80"/>
						<line hits="1" number="81"/>
						<line hits="1" number="83"/>
						<line hits="1" number="84"/>
						<line hits="1" number="86"/>
						<line hits="1" number="88"/>
						<line hits="1" number="90"/>
						<line hits="1" number="92"/>
						<line hits="1" number="94"/>
						<line hits="1" number="96"/>
						<line hits="1" number="97"/>
						<line hits="1" number="98"/>
						<line hits="1" number="99"/>
						<line hits="1" number="100"/>
						<line hits="1" number="101"/>
						<line hits="1" number="102"/>
						<line hits="1" number="103"/>
						<line hits="1" number="105"/>
						<line hits="1" number="106"/>
						<line hits="1" number="107"/>
						<line hits="1" number="108"/>
						<line hits="1" number="110"/>
						<line hits="1" number="112"/>
						<line branch="true" condition-coverage="100% (2/2)" hits="1" number="113"/>
						<line hits="1" number="115"/>
						<line branch="true" condition-coverage="100% (2/2)" hits="1" number="116"/>
						<line branch="true" condition-coverage="100% (2/2)" hits="1" number="117"/>
						<line branch="true" condition-coverage="100% (2/2)" hits="1" number="119"/>
						<line hits="1" number="121"/>
						<line hits="1" number="122"/>
						<line branch="true" condition-coverage="100% (2/2)" hits="1" number="123"/>
						<line hits="1" number="124"/>
						<line branch="true" condition-coverage="100% (2/2)" hits="1" number="125"/>
						<line hits="1" number="126"/>
						<line hits="1" number="128"/>
						<line hits="1" number="130"/>
						<line hits="1" number="131"/>
						<line hits="1" number="133"/>
						<line hits="1" number="134"/>
						<line hits="1" number="139"/>
						<line hits="1" number="140"/>
						<line hits="1" number="142"/>
						<line hits="1" number="143"/>
						<line hits="1" number="145"/>
						<line hits="1" number="147"/>
						<line hits="1" number="148"/>
						<line hits="1" number="150"/>
						<line hits="1" number="152"/>
						<line hits="1" number="153"/>
						<line hits="1" number="155"/>
						<line hits="1" number="157"/>
						<line branch="true" condition-coverage="100% (2/2)" hits="1" number="158"/>
						<line branch="true" condition-coverage="100% (2/2)" hits="1" number="159"/>
						<line hits="1" number="160"/>
						<line hits="1" number="162"/>
						<line hits="1" number="164"/>
						<line hits="1" number="167"/>
						<line hits="1" number="168"/>
						<line hits="1" number="169"/>
						<line branch="true" condition-coverage="100% (2/2)" hits="1" number="170"/>
						<line hits="1" number="171"/>
						<line hits="1" number="172"/>
						<line hits="1" number="173"/>
						<line hits="1" number="174"/>
						<line branch="true" condition-coverage="100% (2/2)" hits="1" number="175"/>
						<line hits="1" number="176"/>
						<line hits="1" number="178"/>
						<line hits="1" number="179"/>
						<line hits="1" number="180"/>
						<line hits="1" number="181"/>
						<line hits="1" number="183"/>
						<line branch="true" condition-coverage="100% (3/3)" hits="1" number="184"/>
						<line hits="1" number="185"/>
						<line branch="true" condition-coverage="100% (2/2)" hits="1" number="186"/>
						<line hits="1" number="187"/>
						<line hits="1" number="189"/>
						<line hits="1" number="191"/>
						<line hits="0" number="193"/>
						<line hits="1" number="195"/>
						<line branch="true" condition-coverage="50% (1/2)" hits="1" missing-branches="198" number="197"/>
						<line hits="0" number="198"/>
						<line branch="true" condition-coverage="100% (2/2)" hits="1" number="199"/>
						<line hits="1" number="200"/>
						<line hits="1" number="201"/>
						<line hits="1" number="203"/>
						<line branch="true" condition-coverage="50% (1/2)" hits="1" missing-branches="206" number="205"/>
						<line hits="0" number="206"/>
						<line branch="true" condition-coverage="50% (1/2)" hits="1" missing-branches="208" number="207"/>
						<line hits="0" number="208"/>
						<line hits="1" number="209"/>
						<line hits="1" number="211"/>
						<line branch="true" condition-coverage="50% (1/2)" hits="1" missing-branches="214" number="213"/>
						<line hits="0" number="214"/>
						<line branch="true" condition-coverage="50% (1/2)" hits="1" missing-branches="216" number="215"/>
						<line hits="0" number="216"/>
						<line branch="true" condition-coverage="100% (3/3)" hits="1" number="217"/>
						<line branch="true" condition-coverage="100% (2/2)" hits="1" number="218"/>
						<line hits="1" number="219"/>
						<line hits="1" number="220"/>
						<line branch="true" condition-coverage="50% (1/2)" hits="1" missing-branches="222" number="221"/>
						<line branch="true" condition-coverage="0% (0/2)" hits="0" missing-branches="221,223" number="222"/>
						<line hits="0" number="223"/>
						<line hits="1" number="224"/>
						<line hits="1" number="226"/>
						<line branch="true" condition-coverage="100% (2/2)" hits="1" number="228"/>
						<line hits="1" number="229"/>
						<line branch="true" condition-coverage="100% (2/2)" hits="1" number="230"/>
						<line hits="1" number="231"/>
						<line hits="1" number="232"/>
						<line hits="1" number="233"/>
						<line branch="true" condition-coverage="100% (2/2)" hits="1" number="234"/>
						<line hits="1" number="235"/>
						<line hits="1" number="236"/>
						<line hits="1" number="237"/>
						<line hits="1" number="239"/>
						<line branch="true" condition-coverage="100% (2/2)" hits="1" number="241"/>
						<line hits="1" number="242"/>
						<line hits="1" number="243"/>
						<line hits="1" number="245"/>
						<line hits="1" number="247"/>
						<line branch="true" condition-coverage="100% (2/2)" hits="1" number="248"/>
						<line hits="1" number="249"/>
						<line hits="1" number="250"/>
						<line hits="1" number="252"/>
						<line hits="1" number="253"/>
						<line branch="true" condition-coverage="100% (2/2)" hits="1" number="254"/>
						<line branch="true" condition-coverage="100% (2/2)" hits="1" number="255"/>
						<line hits="1" number="256"/>
						<line branch="true" condition-coverage="50% (1/2)" hits="1" missing-branches="261" number="257"/>
						<line hits="1" number="258"/>
						<line hits="1" number="259"/>
						<line hits="0" number="261"/>
						<line hits="1" number="263"/>
						<line hits="1" number="264"/>
						<line branch="true" condition-coverage="100% (2/2)" hits="1" number="265"/>
						<line branch="true" condition-coverage="100% (2/2)" hits="1" number="266"/>
						<line hits="1" number="267"/>
						<line branch="true" condition-coverage="50% (1/2)" hits="1" missing-branches="272" number="268"/>
						<line hits="1" number="269"/>
						<line hits="1" number="270"/>
						<line hits="0" number="272"/>
						<line hits="1" number="274"/>
						<line hits="1" number="275"/>
						<line hits="1" number="276"/>
						<line hits="1" number="277"/>
						<line hits="1" number="279"/>
						<line hits="1" number="280"/>
						<line hits="1" number="281"/>
						<line hits="1" number="282"/>
						<line hits="1" number="284"/>
						<line hits="1" number="285"/>
						<line branch="true" condition-coverage="100% (2/2)" hits="1" number="286"/>
						<line hits="1" number="287"/>
						<line hits="1" number="288"/>
						<line hits="1" number="289"/>
						<line branch="true" condition-coverage="50% (1/2)" hits="1" missing-branches="295" number="290"/>
						<line hits="1" number="291"/>
						<line hits="1" number="292"/>
						<line hits="1" number="293"/>
						<line hits="0" number="295"/>
						<line hits="0" number="296"/>
						<line hits="0" number="297"/>
						<line hits="1" number="299"/>
						<line hits="1" number="300"/>
						<line branch="true" condition-coverage="100% (3/3)" hits="1" number="301"/>
						<line hits="1" number="302"/>
						<line branch="true" condition-coverage="50% (1/2)" hits="1" missing-branches="307" number="303"/>
						<line branch="true" condition-coverage="100% (3/3)" hits="1" number="304"/>
						<line hits="1" number="305"/>
						<line hits="0" number="307"/>
						<line hits="1" number="309"/>
						<line hits="1" number="310"/>
						<line hits="1" number="312"/>
						<line hits="1" number="313"/>
						<line hits="1" number="314"/>
						<line branch="true" condition-coverage="100% (2/2)" hits="1" number="315"/>
						<line hits="1" number="316"/>
						<line hits="1" number="318"/>
						<line hits="1" number="319"/>
						<line hits="1" number="321"/>
						<line hits="1" number="322"/>
						<line branch="true" condition-coverage="100% (2/2)" hits="1" number="323"/>
						<line hits="1" number="324"/>
						<line branch="true" condition-coverage="100% (2/2)" hits="1" number="325"/>
						<line hits="1" number="326"/>
						<line hits="1" number="327"/>
						<line hits="1" number="328"/>
						<line branch="true" condition-coverage="50% (1/2)" hits="1" missing-branches="334" number="329"/>
						<line hits="1" number="330"/>
						<line hits="1" number="331"/>
						<line hits="1" number="332"/>
						<line hits="0" number="334"/>
						<line hits="1" number="336"/>
						<line hits="1" number="337"/>
						<line branch="true" condition-coverage="100% (2/2)" hits="1" number="338"/>
						<line hits="1" number="339"/>
						<line hits="1" number="341"/>
						<line hits="1" number="342"/>
						<line hits="1" number="344"/>
						<line branch="true" condition-coverage="100% (2/2)" hits="1" number="345"/>
						<line hits="1" number="347"/>
						<line hits="1" number="348"/>
						<line hits="1" number="349"/>
						<line hits="1" number="351"/>
						<line hits="1" number="352"/>
						<line hits="1" number="353"/>
						<line hits="1" number="355"/>
						<line hits="1" number="356"/>
						<line hits="1" number="357"/>
						<line hits="1" number="358"/>
						<line hits="1" number="360"/>
						<line hits="1" number="361"/>
						<line hits="1" number="362"/>
						<line hits="1" number="363"/>
						<line hits="1" number="365"/>
						<line branch="true" condition-coverage="100% (2/2)" hits="1" number="366"/>
						<line hits="1" number="368"/>
						<line hits="1" number="369"/>
						<line branch="true" condition-coverage="100% (2/2)" hits="1" number="370"/>
						<line hits="1" number="371"/>
						<line hits="1" number="372"/>
						<line hits="1" number="373"/>
						<line hits="1" number="374"/>
						<line hits="1" number="376"/>
						<line hits="1" number="377"/>
						<line hits="1" number="378"/>
						<line hits="1" number="380"/>
						<line hits="1" number="381"/>
						<line branch="true" condition-coverage="100% (2/2)" hits="1" number="382"/>
						<line hits="1" number="383"/>
						<line branch="true" condition-coverage="100% (2/2)" hits="1" number="384"/>
						<line hits="1" number="385"/>
						<line hits="1" number="386"/>
						<line hits="0" number="387"/>
						<line hits="0" number="388"/>
						<line branch="true" condition-coverage="100% (2/2)" hits="1" number="389"/>
						<line hits="1" number="390"/>
						<line branch="true" condition-coverage="100% (2/2)" hits="1" number="391"/>
						<line branch="true" condition-coverage="100% (2/2)" hits="1" number="392"/>
						<line hits="1" number="393"/>
						<line branch="true" condition-coverage="100% (2/2)" hits="1" number="394"/>
						<line hits="1" number="395"/>
						<line hits="1" number="396"/>
						<line branch="true" condition-coverage="100% (2/2)" hits="1" number="397"/>
						<line hits="1" number="398"/>
						<line branch="true" condition-coverage="50% (1/2)" hits="1" missing-branches="400" number="399"/>
						<line hits="0" number="400"/>
						<line branch="true" condition-coverage="100% (2/2)" hits="1" number="401"/>
						<line hits="1" number="402"/>
						<line branch="true" condition-coverage="50% (1/2)" hits="1" missing-branches="405" number="403"/>
						<line hits="1" number="404"/>
						<line branch="true" condition-coverage="50% (1/2)" hits="1" missing-branches="407" number="405"/>
						<line hits="1" number="406"/>
						<line branch="true" condition-coverage="50% (1/2)" hits="1" missing-branches="409" number="407"/>
						<line hits="1" number="408"/>
						<line hits="1" number="409"/>
						<line hits="1" number="411"/>
						<line hits="1" number="413"/>
						<line hits="1" number="414"/>
						<line hits="1" number="415"/>
						<line hits="1" number="417"/>
						<line hits="1" number="418"/>
						<line hits="1" number="420"/>
						<line hits="1" number="421"/>
						<line branch="true" condition-coverage="100% (2/2)" hits="1" number="422"/>
						<line branch="true" condition-coverage="100% (2/2)" hits="1" number="423"/>
						<line hits="1" number="424"/>
						<line branch="true" condition-coverage="100% (2/2)" hits="1" number="425"/>
						<line hits="1" number="426"/>
						<line hits="1" number="427"/>
						<line branch="true" condition-coverage="50% (1/2)" hits="1" missing-branches="432" number="428"/>
						<line hits="1" number="429"/>
						<line hits="1" number="430"/>
						<line hits="0" number="432"/>
						<line hits="1" number="434"/>
						<line hits="1" number="435"/>
						<line branch="true" condition-coverage="100% (2/2)" hits="1" number="436"/>
						<line hits="1" number="437"/>
						<line hits="1" number="439"/>
						<line branch="true" condition-coverage="50% (1/2)" hits="1" missing-branches="441" number="440"/>
						<line hits="0" number="441"/>
						<line hits="1" number="442"/>
						<line branch="true" condition-coverage="100% (2/2)" hits="1" number="443"/>
						<line hits="1" number="444"/>
						<line hits="1" number="445"/>
						<line hits="1" number="446"/>
						<line hits="1" number="447"/>
						<line hits="1" number="449"/>
						<line hits="1" number="450"/>
						<line branch="true" condition-coverage="100% (2/2)" hits="1" number="451"/>
						<line hits="1" number="452"/>
						<line hits="1" number="453"/>
						<line hits="1" number="454"/>
						<line hits="1" number="455"/>
						<line branch="true" condition-coverage="100% (2/2)" hits="1" number="456"/>
						<line hits="1" number="457"/>
						<line hits="1" number="459"/>
						<line hits="1" number="461"/>
						<line hits="1" number="462"/>
						<line branch="true" condition-coverage="100% (2/2)" hits="1" number="463"/>
						<line branch="true" condition-coverage="100% (2/2)" hits="1" number="464"/>
						<line hits="1" number="465"/>
						<line hits="1" number="467"/>
						<line hits="1" number="469"/>
						<line hits="1" number="472"/>
						<line hits="1" number="473"/>
						<line hits="1" number="474"/>
						<line hits="1" number="475"/>
						<line branch="true" condition-coverage="100% (2/2)" hits="1" number="476"/>
						<line hits="1" number="477"/>
						<line branch="true" condition-coverage="100% (2/2)" hits="1" number="478"/>
						<line hits="1" number="479"/>
						<line hits="1" number="480"/>
						<line branch="true" condition-coverage="50% (1/2)" hits="1" missing-branches="483" number="481"/>
						<line hits="1" number="482"/>
						<line hits="1" number="483"/>
						<line hits="1" number="484"/>
						<line hits="1" number="485"/>
						<line hits="1" number="486"/>
						<line hits="1" number="488"/>
						<line branch="true" condition-coverage="100% (2/2)" hits="1" number="489"/>
						<line hits="1" number="491"/>
						<line hits="1" number="492"/>
						<line hits="1" number="493"/>
						<line branch="true" condition-coverage="100% (2/2)" hits="1" number="494"/>
						<line hits="1" number="495"/>
						<line hits="1" number="497"/>
						<line hits="1" number="499"/>
						<line hits="1" number="500"/>
						<line branch="true" condition-coverage="100% (2/2)" hits="1" number="501"/>
						<line hits="1" number="502"/>
						<line hits="1" number="503"/>
						<line hits="1" number="505"/>
						<line hits="1" number="507"/>
						<line hits="1" number="508"/>
						<line hits="1" number="509"/>
						<line hits="1" number="510"/>
						<line hits="1" number="511"/>
						<line hits="1" number="512"/>
						<line hits="1" number="513"/>
						<line hits="1" number="514"/>
						<line hits="1" number="516"/>
						<line hits="1" number="517"/>
						<line branch="true" condition-coverage="100% (2/2)" hits="1" number="518"/>
						<line hits="1" number="519"/>
						<line hits="1" number="521"/>
						<line hits="1" number="523"/>
						<line hits="1" number="524"/>
						<line hits="1" number="525"/>
						<line branch="true" condition-coverage="100% (2/2)" hits="1" number="526"/>
						<line hits="1" number="527"/>
						<line branch="true" condition-coverage="100% (2/2)" hits="1" number="528"/>
						<line branch="true" condition-coverage="100% (2/2)" hits="1" number="529"/>
						<line branch="true" condition-coverage="100% (2/2)" hits="1" number="530"/>
						<line branch="true" condition-coverage="100% (2/2)" hits="1" number="531"/>
						<line branch="true" condition-coverage="100% (2/2)" hits="1" number="532"/>
						<line branch="true" condition-coverage="100% (2/2)" hits="1" number="533"/>
						<line hits="1" number="535"/>
						<line hits="1" number="537"/>
						<line hits="1" number="538"/>
						<line hits="1" number="539"/>
						<line branch="true" condition-coverage="100% (2/2)" hits="1" number="540"/>
						<line branch="true" condition-coverage="100% (2/2)" hits="1" number="541"/>
						<line branch="true" condition-coverage="100% (2/2)" hits="1" number="542"/>
						<line branch="true" condition-coverage="50% (1/2)" hits="1" missing-branches="exit" number="543"/>
						<line branch="true" condition-coverage="100% (2/2)" hits="1" number="544"/>
						<line hits="1" number="546"/>
						<line hits="1" number="548"/>
						<line hits="1" number="550"/>
						<line hits="1" number="551"/>
						<line hits="1" number="553"/>
						<line hits="1" number="555"/>
						<line hits="1" number="556"/>
						<line hits="1" number="558"/>
						<line branch="true" condition-coverage="100% (2/2)" hits="1" number="560"/>
						<line hits="1" number="561"/>
						<line branch="true" condition-coverage="100% (2/2)" hits="1" number="562"/>
						<line hits="1" number="563"/>
						<line branch="true" condition-coverage="100% (2/2)" hits="1" number="564"/>
						<line hits="1" number="565"/>
						<line hits="1" number="566"/>
						<line hits="1" number="568"/>
						<line branch="true" condition-coverage="100% (2/2)" hits="1" number="570"/>
						<line hits="1" number="571"/>
						<line branch="true" condition-coverage="100% (2/2)" hits="1" number="572"/>
						<line hits="1" number="573"/>
						<line hits="1" number="574"/>
						<line hits="1" number="576"/>
						<line branch="true" condition-coverage="100% (2/2)" hits="1" number="578"/>
						<line hits="1" number="580"/>
						<line hits="1" number="581"/>
						<line branch="true" condition-coverage="100% (2/2)" hits="1" number="582"/>
						<line branch="true" condition-coverage="100% (2/2)" hits="1" number="583"/>
						<line hits="1" number="585"/>
						<line hits="1" number="587"/>
						<line hits="0" number="588"/>
						<line hits="0" number="589"/>
						<line branch="true" condition-coverage="0% (0/2)" hits="0" missing-branches="591,592" number="590"/>
						<line hits="0" number="591"/>
						<line hits="0" number="592"/>
						<line hits="1" number="594"/>
						<line hits="0" number="595"/>
						<line branch="true" condition-coverage="0% (0/2)" hits="0" missing-branches="597,599" number="596"/>
						<line hits="0" number="597"/>
						<line hits="0" number="599"/>
						<line branch="true" condition-coverage="0% (0/2)" hits="0" missing-branches="601,602" number="600"/>
						<line hits="0" number="601"/>
						<line branch="true" condition-coverage="0% (0/2)" hits="0" missing-branches="exit,exit" number="602"/>
						<line hits="1" number="604"/>
						<line hits="0" number="605"/>
						<line hits="1" number="607"/>
						<line hits="0" number="608"/>
						<line branch="true" condition-coverage="0% (0/2)" hits="0" missing-branches="exit,610" number="609"/>
						<line hits="0" number="610"/>
						<line hits="1" number="612"/>
						<line hits="1" number="613"/>
						<line hits="1" number="614"/>
						<line branch="true" condition-coverage="100% (2/2)" hits="1" number="615"/>
						<line hits="1" number="616"/>
						<line branch="true" condition-coverage="100% (2/2)" hits="1" number="617"/>
						<line hits="1" number="618"/>
						<line hits="1" number="620"/>
						<line hits="1" number="621"/>
						<line branch="true" condition-coverage="50% (1/2)" hits="1" missing-branches="623" number="622"/>
						<line hits="0" number="623"/>
						<line branch="true" condition-coverage="50% (1/2)" hits="1" missing-branches="625" number="624"/>
						<line hits="0" number="625"/>
						<line hits="1" number="627"/>
						<line hits="1" number="629"/>
						<line branch="true" condition-coverage="0% (0/2)" hits="0" missing-branches="exit,631" number="630"/>
						<line hits="0" number="631"/>
						<line hits="1" number="633"/>
						<line hits="1" number="634"/>
						<line branch="true" condition-coverage="50% (1/2)" hits="1" missing-branches="639" number="635"/>
						<line hits="1" number="636"/>
						<line hits="1" number="637"/>
						<line branch="true" condition-coverage="0% (0/2)" hits="0" missing-branches="exit,640" number="639"/>
						<line hits="0" number="640"/>
						<line hits="1" number="642"/>
						<line hits="1" number="643"/>
						<line branch="true" condition-coverage="50% (1/2)" hits="1" missing-branches="645" number="644"/>
						<line hits="0" number="645"/>
						<line hits="1" number="647"/>
						<line hits="1" number="648"/>
						<line hits="1" number="650"/>
						<line hits="0" number="651"/>
						<line branch="true" condition-coverage="0% (0/2)" hits="0" missing-branches="653,655" number="652"/>
						<line hits="0" number="653"/>
						<line hits="0" number="655"/>
						<line hits="1" number="657"/>
						<line hits="0" number="658"/>
						<line branch="true" condition-coverage="0% (0/2)" hits="0" missing-branches="660,662" number="659"/>
						<line hits="0" number="660"/>
						<line hits="0" number="662"/>
						<line hits="1" number="664"/>
						<line branch="true" condition-coverage="100% (2/2)" hits="1" number="665"/>
						<line branch="true" condition-coverage="100% (2/2)" hits="1" number="666"/>
						<line hits="1" number="667"/>
						<line branch="true" condition-coverage="66% (2/3)" hits="1" missing-branches="670" number="669"/>
						<line hits="0" number="670"/>
						<line hits="0" number="671"/>
						<line hits="1" number="673"/>
						<line hits="1" number="675"/>
						<line hits="0" number="676"/>
						<line branch="true" condition-coverage="0% (0/2)" hits="0" missing-branches="678,681" number="677"/>
						<line hits="0" number="678"/>
						<line hits="0" number="679"/>
						<line hits="0" number="681"/>
						<line hits="1" number="683"/>
						<line hits="1" number="684"/>
						<line hits="1" number="686"/>
						<line hits="1" number="687"/>
						<line hits="1" number="688"/>
						<line hits="1" number="690"/>
						<line hits="1" number="692"/>
						<line hits="1" number="694"/>
						<line hits="1" number="696"/>
						<line hits="1" number="698"/>
						<line hits="1" number="699"/>
						<line branch="true" condition-coverage="100% (3/3)" hits="1" number="700"/>
						<line branch="true" condition-coverage="100% (2/2)" hits="1" number="701"/>
						<line branch="true" condition-coverage="50% (1/2)" hits="1" missing-branches="703" number="702"/>
						<line branch="true" condition-coverage="0% (0/2)" hits="0" missing-branches="exit,exit" number="703"/>
						<line branch="true" condition-coverage="50% (1/2)" hits="1" missing-branches="705" number="704"/>
						<line branch="true" condition-coverage="0% (0/2)" hits="0" missing-branches="exit,exit" number="705"/>
						<line hits="1" number="707"/>
						<line hits="1" number="709"/>
						<line hits="1" number="710"/>
						<line branch="true" condition-coverage="50% (1/2)" hits="1" missing-branches="714" number="711"/>
						<line hits="1" number="712"/>
						<line hits="0" number="714"/>
						<line hits="1" number="716"/>
						<line hits="1" number="717"/>
						<line branch="true" condition-coverage="50% (1/2)" hits="1" missing-branches="719" number="718"/>
						<line hits="0" number="719"/>
						<line branch="true" condition-coverage="50% (1/2)" hits="1" missing-branches="723" number="720"/>
						<line hits="1" number="721"/>
						<line hits="0" number="723"/>
						<line hits="1" number="725"/>
						<line hits="1" number="726"/>
						<line branch="true" condition-coverage="50% (1/2)" hits="1" missing-branches="730" number="727"/>
						<line hits="1" number="728"/>
						<line hits="0" number="730"/>
						<line hits="0" number="731"/>
						<line hits="1" number="733"/>
						<line hits="1" number="734"/>
						<line branch="true" condition-coverage="50% (1/2)" hits="1" missing-branches="736" number="735"/>
						<line branch="true" condition-coverage="0% (0/2)" hits="0" missing-branches="exit,exit" number="736"/>
						<line hits="1" number="738"/>
						<line hits="1" number="740"/>
						<line hits="1" number="741"/>
						<line hits="1" number="742"/>
						<line hits="1" number="743"/>
						<line hits="1" number="745"/>
						<line hits="1" number="746"/>
						<line branch="true" condition-coverage="100% (2/2)" hits="1" number="747"/>
						<line hits="1" number="748"/>
						<line hits="1" number="750"/>
						<line branch="true" condition-coverage="100% (2/2)" hits="1" number="751"/>
						<line hits="1" number="752"/>
						<line branch="true" condition-coverage="100% (2/2)" hits="1" number="754"/>
						<line hits="1" number="755"/>
						<line hits="1" number="756"/>
						<line hits="1" number="758"/>
						<line hits="1" number="759"/>
						<line branch="true" condition-coverage="50% (1/2)" hits="1" missing-branches="762" number="760"/>
						<line hits="1" number="761"/>
						<line hits="1" number="762"/>
						<line hits="1" number="764"/>
						<line hits="0" number="765"/>
						<line hits="0" number="766"/>
						<line hits="0" number="767"/>
						<line hits="0" number="768"/>
						<line hits="1" number="770"/>
						<line hits="1" number="771"/>
						<line branch="true" condition-coverage="50% (1/2)" hits="1" missing-branches="773" number="772"/>
						<line hits="0" number="773"/>
						<line hits="1" number="775"/>
						<line hits="1" number="777"/>
						<line branch="true" condition-coverage="50% (1/2)" hits="1" missing-branches="exit" number="779"/>
						<line hits="1" number="780"/>
						<line hits="1" number="781"/>
						<line hits="1" number="784"/>
						<line hits="0" number="785"/>
						<line branch="true" condition-coverage="0% (0/2)" hits="0" missing-branches="787,789" number="786"/>
						<line hits="0" number="787"/>
						<line hits="0" number="789"/>
						<line hits="0" number="790"/>
						<line hits="1" number="792"/>
						<line hits="1" number="793"/>
						<line branch="true" condition-coverage="100% (2/2)" hits="1" number="794"/>
						<line hits="1" number="795"/>
						<line hits="1" number="797"/>
						<line hits="1" number="799"/>
						<line hits="0" number="800"/>
						<line branch="true" condition-coverage="0% (0/2)" hits="0" missing-branches="802,804" number="801"/>
						<line hits="0" number="802"/>
						<line hits="0" number="804"/>
						<line hits="1" number="806"/>
						<line hits="0" number="807"/>
						<line branch="true" condition-coverage="0% (0/2)" hits="0" missing-branches="exit,809" number="808"/>
						<line hits="0" number="809"/>
						<line hits="1" number="811"/>
						<line branch="true" condition-coverage="100% (2/2)" hits="1" number="812"/>
						<line hits="1" number="813"/>
						<line hits="1" number="815"/>
						<line hits="1" number="816"/>
						<line hits="1" number="818"/>
						<line hits="1" number="819"/>
						<line hits="1" number="820"/>
						<line hits="0" number="821"/>
						<line hits="1" number="823"/>
						<line hits="0" number="824"/>
						<line branch="true" condition-coverage="0% (0/2)" hits="0" missing-branches="826,828" number="825"/>
						<line hits="0" number="826"/>
						<line hits="0" number="828"/>
						<line hits="0" number="829"/>
						<line hits="1" number="831"/>
						<line hits="1" number="832"/>
						<line branch="true" condition-coverage="100% (2/2)" hits="1" number="833"/>
						<line branch="true" condition-coverage="100% (2/2)" hits="1" number="834"/>
						<line hits="1" number="836"/>
						<line hits="1" number="837"/>
						<line hits="1" number="838"/>
						<line hits="1" number="840"/>
						<line hits="0" number="841"/>
						<line branch="true" condition-coverage="0% (0/2)" hits="0" missing-branches="exit,exit" number="842"/>
						<line hits="1" number="844"/>
						<line hits="0" number="845"/>
						<line branch="true" condition-coverage="0% (0/2)" hits="0" missing-branches="exit,847" number="846"/>
						<line branch="true" condition-coverage="0% (0/2)" hits="0" missing-branches="848,850" number="847"/>
						<line hits="0" number="848"/>
						<line hits="0" number="850"/>
						<line hits="1" number="852"/>
						<line branch="true" condition-coverage="100% (2/2)" hits="1" number="853"/>
						<line hits="1" number="854"/>
						<line branch="true" condition-coverage="100% (2/2)" hits="1" number="855"/>
						<line branch="true" condition-coverage="66% (2/3)" hits="1" missing-branches="859" number="856"/>
						<line branch="true" condition-coverage="100% (2/2)" hits="1" number="857"/>
						<line hits="0" number="859"/>
						<line branch="true" condition-coverage="50% (1/2)" hits="1" missing-branches="863" number="860"/>
						<line branch="true" condition-coverage="100% (2/2)" hits="1" number="861"/>
						<line hits="0" number="863"/>
						<line hits="1" number="865"/>
						<line hits="0" number="866"/>
						<line hits="0" number="867"/>
						<line branch="true" condition-coverage="0% (0/2)" hits="0" missing-branches="869,870" number="868"/>
						<line hits="0" number="869"/>
						<line hits="0" number="870"/>
						<line hits="1" number="872"/>
						<line branch="true" condition-coverage="50% (1/2)" hits="1" missing-branches="874" number="873"/>
						<line hits="0" number="874"/>
						<line hits="1" number="876"/>
						<line hits="1" number="877"/>
						<line hits="1" number="879"/>
						<line hits="1" number="880"/>
						<line branch="true" condition-coverage="100% (2/2)" hits="1" number="881"/>
						<line hits="1" number="882"/>
						<line hits="1" number="883"/>
						<line hits="1" number="885"/>
						<line hits="1" number="887"/>
						<line hits="1" number="888"/>
						<line branch="true" condition-coverage="100% (2/2)" hits="1" number="889"/>
						<line hits="1" number="890"/>
						<line branch="true" condition-coverage="100% (2/2)" hits="1" number="892"/>
						<line hits="1" number="893"/>
						<line branch="true" condition-coverage="100% (2/2)" hits="1" number="895"/>
						<line hits="1" number="896"/>
						<line branch="true" condition-coverage="100% (2/2)" hits="1" number="898"/>
						<line hits="1" number="899"/>
						<line branch="true" condition-coverage="100% (2/2)" hits="1" number="900"/>
						<line branch="true" condition-coverage="100% (2/2)" hits="1" number="901"/>
						<line hits="1" number="902"/>
						<line hits="1" number="904"/>
						<line hits="1" number="906"/>
						<line branch="true" condition-coverage="0% (0/2)" hits="0" missing-branches="908,909" number="907"/>
						<line branch="true" condition-coverage="0% (0/2)" hits="0" missing-branches="exit,exit" number="908"/>
						<line branch="true" condition-coverage="0% (0/2)" hits="0" missing-branches="910,912" number="909"/>
						<line branch="true" condition-coverage="0% (0/2)" hits="0" missing-branches="exit,exit" number="910"/>
						<line hits="0" number="912"/>
						<line hits="1" number="914"/>
						<line hits="1" number="915"/>
						<line hits="1" number="917"/>
						<line hits="1" number="918"/>
						<line hits="1" number="920"/>
						<line hits="1" number="921"/>
						<line hits="1" number="922"/>
						<line hits="1" number="924"/>
						<line hits="1" number="925"/>
						<line branch="true" condition-coverage="100% (2/2)" hits="1" number="926"/>
						<line hits="1" number="927"/>
						<line branch="true" condition-coverage="100% (2/2)" hits="1" number="928"/>
						<line hits="1" number="929"/>
						<line hits="1" number="930"/>
						<line branch="true" condition-coverage="100% (2/2)" hits="1" number="931"/>
						<line hits="1" number="932"/>
						<line hits="1" number="933"/>
						<line hits="1" number="935"/>
						<line hits="1" number="937"/>
						<line hits="1" number="938"/>
						<line hits="1" number="939"/>
						<line branch="true" condition-coverage="50% (1/2)" hits="1" missing-branches="947" number="940"/>
						<line branch="true" condition-coverage="100% (2/2)" hits="1" number="941"/>
						<line hits="1" number="942"/>
						<line hits="1" number="943"/>
						<line hits="1" number="944"/>
						<line branch="true" condition-coverage="100% (2/2)" hits="1" number="945"/>
						<line hits="1" number="946"/>
						<line hits="1" number="947"/>
						<line hits="1" number="949"/>
						<line hits="1" number="950"/>
						<line branch="true" condition-coverage="100% (2/2)" hits="1" number="951"/>
						<line hits="1" number="952"/>
						<line hits="1" number="954"/>
						<line hits="1" number="956"/>
						<line hits="1" number="957"/>
						<line hits="1" number="958"/>
						<line hits="1" number="959"/>
						<line hits="1" number="960"/>
						<line hits="1" number="962"/>
						<line hits="1" number="963"/>
						<line branch="true" condition-coverage="100% (2/2)" hits="1" number="964"/>
						<line branch="true" condition-coverage="100% (2/2)" hits="1" number="965"/>
						<line hits="1" number="967"/>
						<line hits="1" number="969"/>
						<line hits="1" number="970"/>
						<line branch="true" condition-coverage="100% (2/2)" hits="1" number="971"/>
						<line hits="1" number="972"/>
						<line branch="true" condition-coverage="100% (2/2)" hits="1" number="973"/>
						<line hits="1" number="974"/>
						<line hits="1" number="975"/>
						<line hits="1" number="977"/>
						<line hits="1" number="979"/>
						<line hits="1" number="980"/>
						<line hits="1" number="981"/>
						<line hits="1" number="983"/>
						<line hits="1" number="984"/>
						<line branch="true" condition-coverage="100% (2/2)" hits="1" number="985"/>
						<line hits="1" number="987"/>
						<line hits="0" number="989"/>
						<line hits="0" number="990"/>
						<line hits="1" number="992"/>
						<line hits="0" number="994"/>
						<line hits="0" number="995"/>
						<line hits="1" number="997"/>
						<line hits="1" number="998"/>
						<line hits="1" number="999"/>
						<line branch="true" condition-coverage="100% (2/2)" hits="1" number="1000"/>
						<line hits="1" number="1001"/>
						<line hits="1" number="1002"/>
						<line hits="1" number="1004"/>
						<line hits="1" number="1005"/>
						<line branch="true" condition-coverage="50% (1/2)" hits="1" missing-branches="1009" number="1006"/>
						<line branch="true" condition-coverage="100% (2/2)" hits="1" number="1007"/>
						<line hits="0" number="1009"/>
						<line hits="1" number="1011"/>
						<line hits="1" number="1012"/>
						<line hits="1" number="1013"/>
						<line branch="true" condition-coverage="100% (2/2)" hits="1" number="1014"/>
						<line branch="true" condition-coverage="100% (2/2)" hits="1" number="1015"/>
						<line branch="true" condition-coverage="100% (2/2)" hits="1" number="1016"/>
						<line branch="true" condition-coverage="100% (2/2)" hits="1" number="1017"/>
						<line branch="true" condition-coverage="100% (2/2)" hits="1" number="1018"/>
						<line hits="1" number="1019"/>
						<line hits="1" number="1020"/>
						<line hits="1" number="1022"/>
						<line hits="1" number="1024"/>
						<line hits="1" number="1025"/>
						<line branch="true" condition-coverage="100% (2/2)" hits="1" number="1026"/>
						<line branch="true" condition-coverage="51% (58/112)" hits="1" missing-branches="exit,exit,exit,exit,exit,exit,exit,exit,exit,exit,exit,exit,exit,exit,exit,exit,exit,exit,exit,exit,exit,exit,exit,exit,exit,exit,exit,exit,exit,exit,exit,exit,exit,exit,exit,exit,exit,exit,exit,exit,exit,exit,exit,exit,exit,exit,exit,exit,exit,exit,exit,exit,exit,exit" number="1028"/>
					</lines>
				</class>
				<class branch-rate="1" complexity="0" filename="seriously/__init__.py" line-rate="1" name="__init__.py">
					<methods/>
					<lines>
						<line hits="1" number="1"/>
					</lines>
				</class>
				<class branch-rate="0.7547" complexity="0" filename="seriously/seriously.py" line-rate="0.8467" name="seriously.py">
					<methods/>
					<lines>
						<line hits="1" number="2"/>
						<line branch="true" condition-coverage="50% (1/2)" hits="1" missing-branches="4" number="3"/>
						<line hits="0" number="4"/>
						<line hits="0" number="5"/>
						<line hits="1" number="7"/>
						<line hits="1" number="8"/>
						<line hits="1" number="9"/>
						<line hits="1" number="10"/>
						<line hits="1" number="11"/>
						<line hits="1" number="12"/>
						<line hits="1" number="13"/>
						<line hits="1" number="14"/>
						<line hits="1" number="15"/>
						<line hits="1" number="16"/>
						<line hits="1" number="18"/>
						<line hits="1" number="20"/>
						<line hits="1" number="22"/>
						<line hits="1" number="25"/>
						<line hits="1" number="26"/>
						<line hits="1" number="27"/>
						<line hits="1" number="28"/>
						<line hits="1" number="30"/>
						<line hits="1" number="31"/>
						<line hits="1" number="33"/>
						<line hits="1" number="34"/>
						<line hits="1" number="35"/>
						<line hits="1" number="36"/>
						<line hits="1" number="37"/>
						<line hits="1" number="38"/>
						<line hits="1" number="39"/>
						<line hits="1" number="41"/>
						<line hits="1" number="42"/>
						<line hits="1" number="44"/>
						<line hits="1" number="45"/>
						<line hits="1" number="47"/>
						<line hits="1" number="48"/>
						<line hits="1" number="49"/>
						<line hits="1" number="50"/>
						<line hits="1" number="52"/>
						<line hits="1" number="53"/>
						<line hits="1" number="55"/>
						<line hits="0" number="56"/>
						<line hits="1" number="58"/>
						<line hits="1" number="59"/>
						<line hits="1" number="61"/>
						<line hits="1" number="62"/>
						<line hits="1" number="64"/>
						<line hits="1" number="67"/>
						<line branch="true" condition-coverage="100% (3/3)" hits="1" number="68"/>
						<line branch="true" condition-coverage="100% (2/2)" hits="1" number="69"/>
						<line hits="1" number="70"/>
						<line hits="1" number="71"/>
						<line branch="true" condition-coverage="100% (2/2)" hits="1" number="72"/>
						<line hits="1" number="73"/>
						<line hits="1" number="74"/>
						<line hits="1" number="75"/>
						<line branch="true" condition-coverage="100% (2/2)" hits="1" number="76"/>
						<line hits="1" number="77"/>
						<line hits="1" number="78"/>
						<line branch="true" condition-coverage="100% (2/2)" hits="1" number="79"/>
						<line hits="1" number="80"/>
						<line hits="1" number="81"/>
						<line hits="1" number="82"/>
						<line branch="true" condition-coverage="100% (2/2)" hits="1" number="83"/>
						<line hits="1" number="84"/>
						<line hits="1" number="85"/>
						<line branch="true" condition-coverage="100% (2/2)" hits="1" number="86"/>
						<line hits="1" number="87"/>
						<line hits="1" number="88"/>
						<line branch="true" condition-coverage="100% (2/2)" hits="1" number="89"/>
						<line hits="1" number="90"/>
						<line hits="1" number="91"/>
						<line hits="1" number="92"/>
						<line hits="1" number="93"/>
						<line hits="1" number="94"/>
						<line hits="1" number="97"/>
						<line hits="1" number="98"/>
						<line hits="0" number="101"/>
						<line hits="1" number="104"/>
						<line hits="1" number="105"/>
						<line branch="true" condition-coverage="100% (2/2)" hits="1" number="106"/>
						<line hits="1" number="107"/>
						<line hits="1" number="108"/>
						<line hits="1" number="109"/>
						<line hits="1" number="110"/>
						<line hits="1" number="111"/>
						<line branch="true" condition-coverage="100% (2/2)" hits="1" number="114"/>
						<line hits="1" number="115"/>
						<line branch="true" condition-coverage="100% (2/2)" hits="1" number="116"/>
						<line hits="1" number="117"/>
						<line hits="1" number="118"/>
						<line hits="1" number="119"/>
						<line branch="true" condition-coverage="50% (1/2)" hits="1" missing-branches="129" number="120"/>
						<line branch="true" condition-coverage="100% (2/2)" hits="1" number="121"/>
						<line hits="1" number="122"/>
						<line branch="true" condition-coverage="100% (2/2)" hits="1" number="123"/>
						<line hits="1" number="124"/>
						<line branch="true" condition-coverage="100% (2/2)" hits="1" number="125"/>
						<line hits="1" number="126"/>
						<line hits="1" number="127"/>
						<line hits="1" number="128"/>
						<line hits="1" number="129"/>
						<line branch="true" condition-coverage="100% (2/2)" hits="1" number="133"/>
						<line hits="1" number="134"/>
						<line hits="1" number="135"/>
						<line hits="1" number="136"/>
						<line hits="1" number="137"/>
						<line hits="1" number="138"/>
						<line hits="1" number="141"/>
						<line branch="true" condition-coverage="100% (2/2)" hits="1" number="142"/>
						<line hits="1" number="143"/>
						<line branch="true" condition-coverage="100% (2/2)" hits="1" number="144"/>
						<line hits="1" number="145"/>
						<line hits="1" number="146"/>
						<line hits="1" number="147"/>
						<line hits="1" number="148"/>
						<line hits="1" number="149"/>
						<line hits="1" number="150"/>
						<line hits="1" number="151"/>
						<line hits="1" number="152"/>
						<line hits="1" number="156"/>
						<line branch="true" condition-coverage="100% (2/2)" hits="1" number="159"/>
						<line hits="1" number="160"/>
						<line branch="true" condition-coverage="50% (1/2)" hits="1" missing-branches="162" number="161"/>
						<line hits="0" number="162"/>
						<line hits="1" number="163"/>
						<line hits="1" number="166"/>
						<line hits="1" number="168"/>
						<line hits="1" number="169"/>
						<line hits="1" number="172"/>
						<line hits="0" number="173"/>
						<line branch="true" condition-coverage="0% (0/2)" hits="0" missing-branches="175,179" number="174"/>
						<line branch="true" condition-coverage="0% (0/2)" hits="0" missing-branches="176,177" number="175"/>
						<line hits="0" number="176"/>
						<line hits="0" number="177"/>
						<line branch="true" condition-coverage="0% (0/2)" hits="0" missing-branches="exit,180" number="179"/>
						<line hits="0" number="180"/>
						<line hits="1" number="183"/>
						<line branch="true" condition-coverage="0% (0/2)" hits="0" missing-branches="exit,exit" number="184"/>
						<line hits="1" number="186"/>
						<line hits="0" number="187"/>
						<line hits="0" number="189"/>
						<line hits="0" number="191"/>
						<line hits="0" number="193"/>
						<line hits="0" number="194"/>
						<line hits="0" number="195"/>
						<line hits="0" number="197"/>
						<line branch="true" condition-coverage="0% (0/2)" hits="0" missing-branches="199,200" number="198"/>
						<line hits="0" number="199"/>
						<line hits="0" number="200"/>
					</lines>
				</class>
			</classes>
		</package>
		<package branch-rate="0.9286" complexity="0" line-rate="0.9912" name="seriously.test">
			<classes>
				<class branch-rate="1" complexity="0" filename="seriously/test/__init__.py" line-rate="1" name="__init__.py">
					<methods/>
					<lines/>
				</class>
				<class branch-rate="0.9286" complexity="0" filename="seriously/test/tests.py" line-rate="0.9912" name="tests.py">
					<methods/>
					<lines>
						<line hits="1" number="2"/>
						<line hits="1" number="3"/>
						<line hits="1" number="4"/>
						<line hits="1" number="5"/>
						<line hits="1" number="6"/>
						<line hits="1" number="7"/>
						<line hits="1" number="8"/>
						<line hits="1" number="9"/>
						<line hits="1" number="10"/>
						<line hits="1" number="12"/>
						<line hits="1" number="13"/>
						<line hits="1" number="15"/>
						<line hits="1" number="17"/>
						<line hits="1" number="18"/>
						<line hits="1" number="19"/>
						<line branch="true" condition-coverage="100% (2/2)" hits="1" number="20"/>
						<line hits="1" number="21"/>
						<line hits="1" number="22"/>
						<line hits="1" number="23"/>
						<line hits="1" number="24"/>
						<line branch="true" condition-coverage="100% (2/2)" hits="1" number="25"/>
						<line hits="1" number="26"/>
						<line hits="1" number="28"/>
						<line hits="1" number="29"/>
						<line hits="1" number="30"/>
						<line hits="1" number="31"/>
						<line hits="1" number="34"/>
						<line hits="1" number="35"/>
						<line hits="1" number="36"/>
						<line branch="true" condition-coverage="100% (2/2)" hits="1" number="37"/>
						<line hits="1" number="38"/>
						<line branch="true" condition-coverage="100% (2/2)" hits="1" number="39"/>
						<line branch="true" condition-coverage="100% (2/2)" hits="1" number="40"/>
						<line hits="1" number="43"/>
						<line hits="1" number="44"/>
						<line hits="1" number="45"/>
						<line branch="true" condition-coverage="50% (1/2)" hits="1" missing-branches="48" number="47"/>
						<line hits="0" number="48"/>
						<line hits="1" number="50"/>
						<line hits="0" number="52"/>
						<line hits="1" number="54"/>
						<line hits="1" number="55"/>
						<line hits="1" number="57"/>
						<line hits="1" number="58"/>
						<line branch="true" condition-coverage="50% (1/2)" hits="1" missing-branches="exit" number="59"/>
						<line hits="1" number="60"/>
						<line hits="1" number="61"/>
						<line hits="1" number="63"/>
						<line branch="true" condition-coverage="100% (2/2)" hits="1" number="64"/>
						<line hits="1" number="65"/>
						<line hits="1" number="66"/>
						<line hits="1" number="68"/>
						<line branch="true" condition-coverage="100% (2/2)" hits="1" number="69"/>
						<line hits="1" number="70"/>
						<line hits="1" number="72"/>
						<line branch="true" condition-coverage="100% (2/2)" hits="1" number="73"/>
						<line hits="1" number="74"/>
						<line branch="true" condition-coverage="100% (2/2)" hits="1" number="76"/>
						<line hits="1" number="77"/>
						<line hits="1" number="78"/>
						<line hits="1" number="81"/>
						<line hits="1" number="82"/>
						<line hits="1" number="83"/>
						<line hits="1" number="84"/>
						<line hits="1" number="86"/>
						<line hits="1" number="87"/>
						<line hits="1" number="89"/>
						<line hits="1" number="91"/>
						<line hits="1" number="93"/>
						<line hits="1" number="95"/>
						<line hits="1" number="96"/>
						<line hits="1" number="99"/>
						<line hits="1" number="100"/>
						<line hits="1" number="101"/>
						<line hits="1" number="103"/>
						<line hits="1" number="105"/>
						<line hits="1" number="107"/>
						<line hits="1" number="109"/>
						<line branch="true" condition-coverage="100% (2/2)" hits="1" number="110"/>
						<line hits="1" number="111"/>
						<line hits="1" number="112"/>
						<line hits="1" number="114"/>
						<line hits="1" number="115"/>
						<line hits="1" number="117"/>
						<line hits="1" number="119"/>
						<line hits="1" number="121"/>
						<line hits="1" number="123"/>
						<line hits="1" number="124"/>
						<line hits="1" number="125"/>
						<line hits="1" number="127"/>
						<line hits="1" number="128"/>
						<line hits="1" number="131"/>
						<line hits="1" number="132"/>
						<line hits="1" number="133"/>
						<line hits="1" number="136"/>
						<line hits="1" number="137"/>
						<line hits="1" number="138"/>
						<line hits="1" number="140"/>
						<line hits="1" number="141"/>
						<line hits="1" number="142"/>
						<line hits="1" number="143"/>
						<line hits="1" number="144"/>
						<line hits="1" number="145"/>
						<line hits="1" number="146"/>
						<line hits="1" number="147"/>
						<line hits="1" number="149"/>
						<line hits="1" number="150"/>
						<line hits="1" number="152"/>
						<line hits="1" number="153"/>
						<line hits="1" number="154"/>
						<line hits="1" number="156"/>
						<line hits="1" number="157"/>
						<line hits="1" number="159"/>
						<line hits="1" number="160"/>
						<line hits="1" number="162"/>
						<line hits="1" number="163"/>
						<line hits="1" number="164"/>
						<line hits="1" number="165"/>
						<line hits="1" number="166"/>
						<line hits="1" number="167"/>
						<line hits="1" number="168"/>
						<line hits="1" number="169"/>
						<line hits="1" number="170"/>
						<line hits="1" number="171"/>
						<line hits="1" number="174"/>
						<line hits="1" number="175"/>
						<line hits="1" number="176"/>
						<line hits="1" number="179"/>
						<line hits="1" number="182"/>
						<line hits="1" number="183"/>
						<line hits="1" number="188"/>
						<line hits="1" number="189"/>
						<line hits="1" number="190"/>
						<line hits="1" number="191"/>
						<line hits="1" number="192"/>
						<line hits="1" number="193"/>
						<line hits="1" number="194"/>
						<line hits="1" number="195"/>
						<line hits="1" number="196"/>
						<line hits="1" number="197"/>
						<line hits="1" number="198"/>
						<line hits="1" number="199"/>
						<line hits="1" number="200"/>
						<line hits="1" number="201"/>
						<line hits="1" number="202"/>
						<line hits="1" number="203"/>
						<line hits="1" number="204"/>
						<line hits="1" number="205"/>
						<line hits="1" number="206"/>
						<line hits="1" number="207"/>
						<line hits="1" number="208"/>
						<line hits="1" number="209"/>
						<line hits="1" number="210"/>
						<line hits="1" number="211"/>
						<line hits="1" number="212"/>
						<line hits="1" number="213"/>
						<line hits="1" number="214"/>
						<line hits="1" number="215"/>
						<line hits="1" number="216"/>
						<line hits="1" number="217"/>
						<line hits="1" number="218"/>
						<line hits="1" number="219"/>
						<line hits="1" number="220"/>
						<line hits="1" number="221"/>
						<line hits="1" number="222"/>
						<line hits="1" number="224"/>
						<line hits="1" number="225"/>
						<line hits="1" number="226"/>
						<line hits="1" number="227"/>
						<line hits="1" number="228"/>
						<line hits="1" number="229"/>
						<line hits="1" number="230"/>
						<line hits="1" number="231"/>
						<line hits="1" number="232"/>
						<line hits="1" number="233"/>
						<line hits="1" number="234"/>
						<line hits="1" number="235"/>
						<line hits="1" number="236"/>
						<line hits="1" number="237"/>
						<line hits="1" number="238"/>
						<line hits="1" number="239"/>
						<line hits="1" number="240"/>
						<line hits="1" number="241"/>
						<line hits="1" number="242"/>
						<line hits="1" number="243"/>
						<line hits="1" number="244"/>
						<line hits="1" number="245"/>
						<line hits="1" number="246"/>
						<line hits="1" number="247"/>
						<line hits="1" number="248"/>
						<line hits="1" number="249"/>
						<line hits="1" number="250"/>
						<line hits="1" number="251"/>
						<line hits="1" number="252"/>
						<line hits="1" number="253"/>
						<line hits="1" number="254"/>
						<line hits="1" number="255"/>
						<line hits="1" number="256"/>
						<line hits="1" number="257"/>
						<line hits="1" number="259"/>
						<line hits="1" number="260"/>
						<line hits="1" number="261"/>
						<line hits="1" number="262"/>
						<line hits="1" number="264"/>
						<line hits="1" number="265"/>
						<line hits="1" number="266"/>
						<line hits="1" number="267"/>
						<line hits="1" number="268"/>
						<line hits="1" number="269"/>
						<line hits="1" number="270"/>
						<line hits="1" number="271"/>
						<line hits="1" number="272"/>
						<line hits="1" number="273"/>
						<line hits="1" number="274"/>
						<line hits="1" number="275"/>
						<line hits="1" number="277"/>
						<line hits="1" number="278"/>
						<line branch="true" condition-coverage="100% (2/2)" hits="1" number="286"/>
						<line hits="1" number="287"/>
						<line hits="1" number="288"/>
						<line hits="1" number="289"/>
						<line branch="true" condition-coverage="100% (2/2)" hits="1" number="290"/>
						<line hits="1" number="293"/>
						<line hits="1" number="296"/>
						<line hits="1" number="297"/>
						<line hits="1" number="298"/>
						<line hits="1" number="299"/>
						<line hits="1" number="300"/>
						<line hits="1" number="301"/>
						<line hits="1" number="303"/>
						<line hits="1" number="304"/>
						<line hits="1" number="305"/>
						<line hits="1" number="306"/>
						<line hits="1" number="308"/>
						<line hits="1" number="309"/>
						<line hits="1" number="310"/>
						<line hits="1" number="311"/>
						<line hits="1" number="313"/>
						<line hits="1" number="314"/>
						<line hits="1" number="315"/>
						<line hits="1" number="316"/>
						<line hits="1" number="317"/>
						<line hits="1" number="319"/>
						<line hits="1" number="321"/>
						<line hits="1" number="323"/>
						<line hits="1" number="325"/>
						<line hits="1" number="326"/>
						<line hits="1" number="327"/>
						<line hits="1" number="328"/>
						<line hits="1" number="329"/>
						<line hits="1" number="330"/>
						<line hits="1" number="331"/>
						<line hits="1" number="332"/>
						<line hits="1" number="333"/>
						<line hits="1" number="334"/>
						<line hits="1" number="335"/>
						<line hits="1" number="336"/>
						<line hits="1" number="337"/>
						<line hits="1" number="338"/>
						<line hits="1" number="339"/>
						<line hits="1" number="340"/>
						<line hits="1" number="341"/>
						<line hits="1" number="342"/>
						<line hits="1" number="343"/>
						<line hits="1" number="344"/>
						<line hits="1" number="345"/>
						<line hits="1" number="347"/>
						<line hits="1" number="348"/>
						<line hits="1" number="349"/>
						<line hits="1" number="350"/>
						<line hits="1" number="351"/>
						<line hits="1" number="352"/>
						<line hits="1" number="353"/>
						<line hits="1" number="354"/>
						<line hits="1" number="355"/>
						<line hits="1" number="356"/>
						<line hits="1" number="358"/>
						<line hits="1" number="360"/>
						<line hits="1" number="363"/>
						<line hits="1" number="366"/>
						<line hits="1" number="370"/>
						<line hits="1" number="374"/>
						<line hits="1" number="378"/>
						<line hits="1" number="382"/>
						<line hits="1" number="383"/>
						<line hits="1" number="384"/>
						<line hits="1" number="385"/>
						<line hits="1" number="386"/>
						<line hits="1" number="387"/>
						<line hits="1" number="388"/>
						<line hits="1" number="389"/>
						<line hits="1" number="390"/>
						<line hits="1" number="391"/>
						<line hits="1" number="392"/>
						<line hits="1" number="393"/>
						<line hits="1" number="394"/>
						<line hits="1" number="395"/>
						<line hits="1" number="396"/>
						<line hits="1" number="397"/>
						<line hits="1" number="398"/>
						<line hits="1" number="399"/>
						<line hits="1" number="400"/>
						<line hits="1" number="401"/>
						<line hits="1" number="402"/>
						<line hits="1" number="403"/>
						<line hits="1" number="404"/>
						<line hits="1" number="405"/>
						<line hits="1" number="406"/>
						<line hits="1" number="407"/>
						<line hits="1" number="408"/>
						<line hits="1" number="409"/>
						<line hits="1" number="412"/>
						<line hits="1" number="413"/>
						<line hits="1" number="414"/>
						<line hits="1" number="415"/>
						<line hits="1" number="416"/>
						<line hits="1" number="417"/>
						<line hits="1" number="418"/>
						<line hits="1" number="419"/>
						<line hits="1" number="420"/>
						<line hits="1" number="422"/>
						<line hits="1" number="423"/>
						<line hits="1" number="424"/>
						<line hits="1" number="425"/>
						<line hits="1" number="426"/>
						<line hits="1" number="427"/>
						<line hits="1" number="428"/>
						<line hits="1" number="429"/>
						<line hits="1" number="430"/>
						<line hits="1" number="431"/>
						<line hits="1" number="432"/>
						<line hits="1" number="433"/>
						<line hits="1" number="434"/>
						<line hits="1" number="435"/>
						<line hits="1" number="436"/>
						<line hits="1" number="438"/>
						<line hits="1" number="439"/>
						<line hits="1" number="441"/>
						<line hits="1" number="442"/>
						<line hits="1" number="443"/>
						<line hits="1" number="445"/>
						<line hits="0" number="446"/>
					</lines>
				</class>
			</classes>
		</package>
	</packages>
</coverage>
